2023-12-09 13:56:10 [INFO] Server is running on Port: 3001 
2023-12-09 13:56:10 [INFO] Server URL is: http://localhost 
2023-12-09 13:58:50 [INFO] Server is running on Port: 3001 
2023-12-09 13:58:50 [INFO] Server URL is: http://localhost 
2023-12-09 14:11:43 [INFO] Server is running on Port: 3001 
2023-12-09 14:11:43 [INFO] Server URL is: http://localhost 
2023-12-09 14:14:31 [INFO] Server is running on Port: 3001 
2023-12-09 14:14:31 [INFO] Server URL is: http://localhost 
2023-12-09 14:18:15 [INFO] Server is running on Port: 3001 
2023-12-09 14:18:15 [INFO] Server URL is: http://localhost 
2023-12-09 14:23:41 [INFO] Server is running on Port: 3001 
2023-12-09 14:23:41 [INFO] Server URL is: http://localhost 
2023-12-09 14:27:26 [INFO] Server is running on Port: 3001 
2023-12-09 14:27:26 [INFO] Server URL is: http://localhost 
2023-12-09 14:54:11 [INFO] Server is running on Port: 3001 
2023-12-09 14:54:11 [INFO] Server URL is: http://localhost 
2023-12-09 14:56:59 [INFO] Server is running on Port: 3001 
2023-12-09 14:56:59 [INFO] Server URL is: http://localhost 
2023-12-09 14:57:35 [INFO] we are here at LEAST LEAST LEAST! 
2023-12-09 15:00:40 [INFO] Server is running on Port: 3001 
2023-12-09 15:00:40 [INFO] Server URL is: http://localhost 
2023-12-09 15:00:47 [INFO] we are here at LEAST LEAST LEAST! 
2023-12-09 15:01:07 [INFO] Server is running on Port: 3001 
2023-12-09 15:01:07 [INFO] Server URL is: http://localhost 
2023-12-09 15:01:16 [INFO] we are here at LEAST LEAST LEAST! 
2023-12-09 15:01:36 [INFO] we are here at LEAST LEAST LEAST! 
2023-12-09 15:03:41 [INFO] Server is running on Port: 3001 
2023-12-09 15:03:41 [INFO] Server URL is: http://localhost 
2023-12-09 15:03:53 [INFO] we are here at LEAST LEAST LEAST! 
2023-12-09 15:07:08 [INFO] Server is running on Port: 3001 
2023-12-09 15:07:08 [INFO] Server URL is: http://localhost 
2023-12-09 15:07:14 [INFO] we are here at LEAST LEAST LEAST! 
2023-12-09 15:08:17 [INFO] Server is running on Port: 3001 
2023-12-09 15:08:17 [INFO] Server URL is: http://localhost 
2023-12-09 15:08:26 [INFO] we are here at LEAST LEAST LEAST! 
2023-12-09 15:12:46 [INFO] Server is running on Port: 3001 
2023-12-09 15:12:46 [INFO] Server URL is: http://localhost 
2023-12-09 15:12:52 [INFO] we are here at LEAST LEAST LEAST! 
2023-12-09 15:28:04 [INFO] Server is running on Port: 3001 
2023-12-09 15:28:04 [INFO] Server URL is: http://localhost 
2023-12-09 15:28:05 [INFO] Server is running on Port: 3001 
2023-12-09 15:28:05 [INFO] Server URL is: http://localhost 
2023-12-09 15:28:12 [INFO] we are here at LEAST LEAST LEAST! 
2023-12-09 15:28:12 [INFO] Here is a mnemonic: permit end barrel ski wild daughter service discover sand outdoor divorce area 
2023-12-09 15:28:12 [INFO] Here is a mnemonic: skull verb dad autumn duty sustain action ghost hollow myself maze grief 
2023-12-09 15:50:50 [INFO] Server is running on Port: 3001 
2023-12-09 15:50:50 [INFO] Server URL is: http://localhost 
2023-12-09 15:59:42 [INFO] Server is running on Port: 3001 
2023-12-09 15:59:42 [INFO] Server URL is: http://localhost 
2023-12-09 16:02:01 [INFO] Server is running on Port: 3001 
2023-12-09 16:02:01 [INFO] Server URL is: http://localhost 
2023-12-09 16:03:55 [INFO] Server is running on Port: 3001 
2023-12-09 16:03:55 [INFO] Server URL is: http://localhost 
2023-12-09 16:06:22 [INFO] Server is running on Port: 3001 
2023-12-09 16:06:22 [INFO] Server URL is: http://localhost 
2023-12-09 16:10:20 [INFO] Server is running on Port: 3001 
2023-12-09 16:10:20 [INFO] Server URL is: http://localhost 
2023-12-09 16:10:49 [INFO] Server is running on Port: 3001 
2023-12-09 16:10:49 [INFO] Server URL is: http://localhost 
2023-12-09 16:16:54 [INFO] Server is running on Port: 3001 
2023-12-09 16:16:54 [INFO] Server URL is: http://localhost 
2023-12-09 16:17:01 [INFO] Server is running on Port: 3001 
2023-12-09 16:17:01 [INFO] Server URL is: http://localhost 
2023-12-09 16:23:29 [INFO] Server is running on Port: 3001 
2023-12-09 16:23:29 [INFO] Server URL is: http://localhost 
2023-12-09 16:25:13 [INFO] Server is running on Port: 3001 
2023-12-09 16:25:13 [INFO] Server URL is: http://localhost 
2023-12-09 16:25:49 [INFO] Server is running on Port: 3001 
2023-12-09 16:25:49 [INFO] Server URL is: http://localhost 
2023-12-09 16:26:19 [INFO] Server is running on Port: 3001 
2023-12-09 16:26:19 [INFO] Server URL is: http://localhost 
2023-12-09 16:27:26 [INFO] Server is running on Port: 3001 
2023-12-09 16:27:26 [INFO] Server URL is: http://localhost 
2023-12-09 16:28:20 [INFO] Server is running on Port: 3001 
2023-12-09 16:28:20 [INFO] Server URL is: http://localhost 
2023-12-09 16:36:47 [INFO] Server is running on Port: 3001 
2023-12-09 16:36:47 [INFO] Server URL is: http://localhost 
2023-12-09 16:42:06 [INFO] Server is running on Port: 3001 
2023-12-09 16:42:06 [INFO] Server URL is: http://localhost 
2023-12-09 16:43:42 [INFO] Server is running on Port: 3001 
2023-12-09 16:43:42 [INFO] Server URL is: http://localhost 
2023-12-09 16:52:30 [INFO] Server is running on Port: 3001 
2023-12-09 16:52:30 [INFO] Server URL is: http://localhost 
2023-12-09 16:58:00 [INFO] Server is running on Port: 3001 
2023-12-09 16:58:00 [INFO] Server URL is: http://localhost 
2023-12-09 16:58:49 [INFO] Server is running on Port: 3001 
2023-12-09 16:58:49 [INFO] Server URL is: http://localhost 
2023-12-09 17:01:15 [INFO] Server is running on Port: 3001 
2023-12-09 17:01:15 [INFO] Server URL is: http://localhost 
2023-12-09 17:05:08 [INFO] Server is running on Port: 3001 
2023-12-09 17:05:08 [INFO] Server URL is: http://localhost 
2023-12-09 17:05:46 [INFO] Server is running on Port: 3001 
2023-12-09 17:05:46 [INFO] Server URL is: http://localhost 
2023-12-09 17:07:05 [INFO] Server is running on Port: 3001 
2023-12-09 17:07:05 [INFO] Server URL is: http://localhost 
2023-12-09 17:10:32 [INFO] Server is running on Port: 3001 
2023-12-09 17:10:32 [INFO] Server URL is: http://localhost 
2023-12-09 17:14:11 [INFO] Server is running on Port: 3001 
2023-12-09 17:14:11 [INFO] Server URL is: http://localhost 
2023-12-09 17:18:02 [INFO] Server is running on Port: 3001 
2023-12-09 17:18:02 [INFO] Server URL is: http://localhost 
2023-12-09 17:19:29 [INFO] Server is running on Port: 3001 
2023-12-09 17:19:29 [INFO] Server URL is: http://localhost 
2023-12-09 17:20:44 [INFO] Server is running on Port: 3001 
2023-12-09 17:20:44 [INFO] Server URL is: http://localhost 
2023-12-09 17:21:56 [INFO] Server is running on Port: 3001 
2023-12-09 17:21:56 [INFO] Server URL is: http://localhost 
2023-12-09 17:23:47 [INFO] Server is running on Port: 3001 
2023-12-09 17:23:47 [INFO] Server URL is: http://localhost 
2023-12-09 17:24:23 [INFO] logging inundefined 
2023-12-09 17:25:58 [INFO] Server is running on Port: 3001 
2023-12-09 17:25:58 [INFO] Server URL is: http://localhost 
2023-12-09 17:26:20 [INFO] Server is running on Port: 3001 
2023-12-09 17:26:20 [INFO] Server URL is: http://localhost 
2023-12-09 17:26:52 [INFO] logging inowner 
2023-12-09 17:29:10 [INFO] Server is running on Port: 3001 
2023-12-09 17:29:10 [INFO] Server URL is: http://localhost 
2023-12-09 17:29:38 [INFO] logging in: owner 
2023-12-09 17:29:38 [INFO] req.body.password: abc123 
2023-12-09 17:29:38 [INFO] user.password: $2a$08$UmYsJt2vGgUUHdaQGbn70OyXx.K5LkKUOTBQA.q7.sJUi1jQ.iRou 
2023-12-09 17:36:08 [INFO] Server is running on Port: 3001 
2023-12-09 17:36:08 [INFO] Server URL is: http://localhost 
2023-12-09 17:37:28 [INFO] Server is running on Port: 3001 
2023-12-09 17:37:28 [INFO] Server URL is: http://localhost 
2023-12-09 17:37:42 [INFO] logging in: owner 
2023-12-09 17:37:42 [INFO] req.body.password: abc123 
2023-12-09 17:37:42 [INFO] user.password: $2b$08$4VptRtayT4wOE.cnpv0QieokPLfPFidF2Q5qccnHnD4GlylSP4X0K 
2023-12-09 17:42:35 [INFO] Server is running on Port: 3001 
2023-12-09 17:42:35 [INFO] Server URL is: http://localhost 
2023-12-09 17:45:52 [INFO] logging in: owner 
2023-12-09 17:45:52 [INFO] req.body.password: abc123 
2023-12-09 17:45:52 [INFO] user.password: $2a$08$3rAoUulPWsMLjeWjJRas5OCt3mdF4TV75.SjKxI2pK6osGpebRr.W 
2023-12-09 17:50:12 [INFO] Server is running on Port: 3001 
2023-12-09 17:50:12 [INFO] Server URL is: http://localhost 
2023-12-09 17:50:45 [INFO] logging in: owner 
2023-12-09 17:50:45 [INFO] req.body.password: abc123 
2023-12-09 17:50:45 [INFO] user.password: $2a$08$EbwWFBI7zJ2J.Ax3JeJ8OOoZmK/4uBiB2Xc2X1F2015fKvR2e4O7K 
2023-12-09 17:50:45 [INFO] Password must have been valid! 
2023-12-09 17:50:45 [INFO] Token is not null! 
2023-12-09 17:52:20 [INFO] Server is running on Port: 3001 
2023-12-09 17:52:20 [INFO] Server URL is: http://localhost 
2023-12-09 17:52:39 [INFO] logging in: owner 
2023-12-09 17:52:39 [INFO] req.body.password: abc123 
2023-12-09 17:52:39 [INFO] user.password: $2a$08$NtFAFxK7GmuesJeNNouNNusfA4o4vscfYO1O55LOvQnvAXo/7ctX6 
2023-12-09 17:52:39 [INFO] Password must have been valid! 
2023-12-09 17:52:39 [INFO] Token is not null! 
2023-12-09 17:54:47 [INFO] Server is running on Port: 3001 
2023-12-09 17:54:47 [INFO] Server URL is: http://localhost 
2023-12-09 17:55:03 [INFO] logging in: owner 
2023-12-09 17:55:03 [INFO] req.body.password: abc123 
2023-12-09 17:55:03 [INFO] user.password: $2a$08$EdgL/MPgDMwzO7lKgD9h7.LvRo.FSHGu4.FtOZLPmRZQY8XIGevBq 
2023-12-09 17:55:03 [INFO] Password must have been valid! 
2023-12-09 17:55:03 [INFO] Token is not null! 
2023-12-09 17:55:03 [INFO] user.getRoles() worked! 
2023-12-09 17:57:21 [INFO] Server is running on Port: 3001 
2023-12-09 17:57:21 [INFO] Server URL is: http://localhost 
2023-12-09 17:57:43 [INFO] logging in: owner 
2023-12-09 17:57:43 [INFO] req.body.password: abc123 
2023-12-09 17:57:43 [INFO] user.password: $2a$08$.Kmy9pqhkLUFXeUGGrZKc.3HoAR1khTHNhaPY44dcc1phzHR29.GG 
2023-12-09 17:57:43 [INFO] Password must have been valid! 
2023-12-09 17:57:43 [INFO] Token is not null! 
2023-12-09 17:57:43 [INFO] user.getRoles() worked! 
2023-12-09 18:01:35 [INFO] Server is running on Port: 3001 
2023-12-09 18:01:35 [INFO] Server URL is: http://localhost 
2023-12-09 18:01:53 [INFO] logging in: owner 
2023-12-09 18:01:53 [INFO] req.body.password: abc123 
2023-12-09 18:01:53 [INFO] user.password: $2a$08$gko9JJihV2ptX3OdhVoh7OrOGVLpYU4bJVHfIuBtDqZ68Um40dB.u 
2023-12-09 18:01:53 [INFO] Password must have been valid! 
2023-12-09 18:01:53 [INFO] Token is not null! 
2023-12-09 18:01:53 [INFO] user.getRoles() worked! 
2023-12-09 18:04:25 [INFO] Server is running on Port: 3001 
2023-12-09 18:04:25 [INFO] Server URL is: http://localhost 
2023-12-09 18:04:41 [INFO] logging in: owner 
2023-12-09 18:04:41 [INFO] req.body.password: abc123 
2023-12-09 18:04:41 [INFO] user.password: $2a$08$dt4Kf/Ht/94jAMuCR/TNJ.upshKakePILZbCZORux7vtW4SvXn4Su 
2023-12-09 18:04:41 [INFO] Password must have been valid! 
2023-12-09 18:04:41 [INFO] And, user.id: 1 
2023-12-09 18:04:41 [INFO] And, user.ownerId: 0 
2023-12-09 18:04:41 [INFO] Token is not null! 
2023-12-09 18:04:41 [INFO] user.getRoles() worked! 
2023-12-09 18:06:19 [INFO] Server is running on Port: 3001 
2023-12-09 18:06:19 [INFO] Server URL is: http://localhost 
2023-12-09 18:06:32 [INFO] logging in: owner 
2023-12-09 18:06:32 [INFO] req.body.password: abc123 
2023-12-09 18:06:32 [INFO] user.password: $2a$08$0RSCqQXvt7TmWftP18UN7eSFkeh6KP94VRMnmg6bvpIug3EFcLRC. 
2023-12-09 18:06:32 [INFO] Password must have been valid! 
2023-12-09 18:06:32 [INFO] And, user.id: 1 
2023-12-09 18:06:32 [INFO] And, user.ownerId: 0 
2023-12-09 18:06:32 [INFO] Token is not null! 
2023-12-09 18:06:32 [INFO] user.getRoles() worked! 
2023-12-09 18:55:19 [INFO] Server is running on Port: 3001 
2023-12-09 18:55:19 [INFO] Server URL is: http://localhost 
2023-12-09 18:55:42 [INFO] logging in: owner 
2023-12-09 18:55:42 [INFO] req.body.password: abc123 
2023-12-09 18:55:42 [INFO] user.password: $2a$08$eB1b9NKvQfkobTqN6PdBSe1zrPBpcJ3SZwiIgofjencgucCIEwygu 
2023-12-09 18:55:42 [INFO] Password must have been valid! 
2023-12-09 18:55:42 [INFO] And, user.id: 1 
2023-12-09 18:55:42 [INFO] And, user.ownerId: 0 
2023-12-09 18:55:42 [INFO] Token is not null! 
2023-12-09 18:55:42 [INFO] user.getRoles() worked! 
2023-12-09 18:55:42 [INFO] authorites has count: 1 
2023-12-09 18:57:37 [INFO] Server is running on Port: 3001 
2023-12-09 18:57:37 [INFO] Server URL is: http://localhost 
2023-12-09 18:57:58 [INFO] Server is running on Port: 3001 
2023-12-09 18:57:58 [INFO] Server URL is: http://localhost 
2023-12-09 18:58:12 [INFO] logging in: owner 
2023-12-09 18:58:12 [INFO] req.body.password: abc123 
2023-12-09 18:58:12 [INFO] user.password: $2a$08$VlZx789T6zHZV./xjqF.Ze0Zh.UUT6oVqQNcKtsZw.FSkHqTst5im 
2023-12-09 18:58:12 [INFO] Password must have been valid! 
2023-12-09 18:58:12 [INFO] And, user.id: 1 
2023-12-09 18:58:12 [INFO] And, user.ownerId: 0 
2023-12-09 18:58:12 [INFO] Token is not null! 
2023-12-09 18:58:12 [INFO] user.getRoles() worked! 
2023-12-09 18:58:12 [INFO] authorites has count: 1 
2023-12-09 18:58:12 [INFO] req.session.token: eyJhbGciOiJIUzI1NiIsInR5cCI6IkpXVCJ9.eyJpZCI6MSwib3duZXIiOjAsImlhdCI6MTcwMjE2NjI5MiwiZXhwIjoxNzAyMjUyNjkyfQ.qDZnniiQSnzM-v_Rn_Mr6goao8aSwem5b2CCu6O6MgM 
2023-12-09 18:58:51 [INFO] Server is running on Port: 3001 
2023-12-09 18:58:51 [INFO] Server URL is: http://localhost 
2023-12-09 18:59:15 [INFO] logging in: owner 
2023-12-09 18:59:15 [INFO] req.body.password: abc123 
2023-12-09 18:59:15 [INFO] user.password: $2a$08$8kblt/9JYRrcA5DJeBMng.yzlF5TkdBMFVM8CcNlL38JA1H8Nlrha 
2023-12-09 18:59:15 [INFO] Password must have been valid! 
2023-12-09 18:59:15 [INFO] And, user.id: 1 
2023-12-09 18:59:15 [INFO] And, user.ownerId: 0 
2023-12-09 18:59:15 [INFO] Token is not null! 
2023-12-09 18:59:15 [INFO] user.getRoles() worked! 
2023-12-09 18:59:15 [INFO] authorites has count: 1 
2023-12-09 18:59:15 [INFO] req.session.token: eyJhbGciOiJIUzI1NiIsInR5cCI6IkpXVCJ9.eyJpZCI6MSwib3duZXIiOjAsImlhdCI6MTcwMjE2NjM1NSwiZXhwIjoxNzAyMjUyNzU1fQ.blfiKzF5T8mz_bmjKzdG10ne7Mcl6FnTSAc7GiWVj0E 
2023-12-09 19:00:25 [INFO] Server is running on Port: 3001 
2023-12-09 19:00:25 [INFO] Server URL is: http://localhost 
2023-12-09 19:00:40 [INFO] Server is running on Port: 3001 
2023-12-09 19:00:40 [INFO] Server URL is: http://localhost 
2023-12-09 19:02:27 [INFO] Server is running on Port: 3001 
2023-12-09 19:02:27 [INFO] Server URL is: http://localhost 
2023-12-09 19:06:39 [INFO] Server is running on Port: 3001 
2023-12-09 19:06:39 [INFO] Server URL is: http://localhost 
2023-12-09 19:09:44 [INFO] Server is running on Port: 3001 
2023-12-09 19:09:44 [INFO] Server URL is: http://localhost 
2023-12-09 19:10:09 [INFO] Request: [object Object] 
2023-12-09 19:11:02 [INFO] Server is running on Port: 3001 
2023-12-09 19:11:02 [INFO] Server URL is: http://localhost 
2023-12-09 19:11:22 [INFO] Request: [object Object] 
2023-12-09 19:11:22 [INFO] Token: undefined 
2023-12-09 19:12:21 [INFO] Request: [object Object] 
2023-12-09 19:12:21 [INFO] Token: undefined 
2023-12-09 19:14:36 [INFO] Server is running on Port: 3001 
2023-12-09 19:14:36 [INFO] Server URL is: http://localhost 
2023-12-09 19:15:01 [INFO] Server is running on Port: 3001 
2023-12-09 19:15:01 [INFO] Server URL is: http://localhost 
2023-12-09 19:15:23 [INFO] Server is running on Port: 3001 
2023-12-09 19:15:23 [INFO] Server URL is: http://localhost 
2023-12-09 19:16:28 [INFO] Server is running on Port: 3001 
2023-12-09 19:16:28 [INFO] Server URL is: http://localhost 
2023-12-09 19:20:52 [INFO] Server is running on Port: 3001 
2023-12-09 19:20:52 [INFO] Server URL is: http://localhost 
2023-12-09 19:24:04 [INFO] Server is running on Port: 3001 
2023-12-09 19:24:04 [INFO] Server URL is: http://localhost 
2023-12-09 19:24:40 [INFO] we must have matched the password 
2023-12-09 19:24:40 [INFO] we have a token: eyJhbGciOiJIUzI1NiIsInR5cCI6IkpXVCJ9.eyJpZCI6MSwib3duZXIiOjAsImlhdCI6MTcwMjE2Nzg4MCwiZXhwIjoxNzAyMjU0MjgwfQ.RGo4taWLnprvHuhyJAW9ntS4WiaZMvP6RtG19Y5ztOs 
2023-12-09 19:25:41 [INFO] Server is running on Port: 3001 
2023-12-09 19:25:41 [INFO] Server URL is: http://localhost 
2023-12-09 19:25:57 [INFO] we must have matched the password 
2023-12-09 19:25:57 [INFO] we have a token: eyJhbGciOiJIUzI1NiIsInR5cCI6IkpXVCJ9.eyJpZCI6MSwib3duZXIiOjAsImlhdCI6MTcwMjE2Nzk1NywiZXhwIjoxNzAyMjU0MzU3fQ.NvclShZX60ub63FbDOeV5nhWsQY-S2doN0peAwiHgwA 
2023-12-09 19:32:52 [INFO] Server is running on Port: 3001 
2023-12-09 19:32:52 [INFO] Server URL is: http://localhost 
2023-12-09 19:40:25 [INFO] Server is running on Port: 3001 
2023-12-09 19:40:25 [INFO] Server URL is: http://localhost 
2023-12-09 19:40:28 [INFO] Server is running on Port: 3001 
2023-12-09 19:40:28 [INFO] Server URL is: http://localhost 
2023-12-09 19:40:43 [INFO] we must have matched the password 
2023-12-09 19:40:43 [INFO] we have a token: eyJhbGciOiJIUzI1NiIsInR5cCI6IkpXVCJ9.eyJpZCI6MSwib3duZXIiOjAsImlhdCI6MTcwMjE2ODg0MywiZXhwIjoxNzAyMjU1MjQzfQ.rQLsMumf6pp25Bazn5E_mEWzzXG7LeBV82W5cdVQFLM 
2023-12-09 19:40:43 [INFO] we have a token in the request?: eyJhbGciOiJIUzI1NiIsInR5cCI6IkpXVCJ9.eyJpZCI6MSwib3duZXIiOjAsImlhdCI6MTcwMjE2ODg0MywiZXhwIjoxNzAyMjU1MjQzfQ.rQLsMumf6pp25Bazn5E_mEWzzXG7LeBV82W5cdVQFLM 
2023-12-09 19:41:24 [INFO] Request: [object Object] 
2023-12-09 19:41:24 [INFO] Token: eyJhbGciOiJIUzI1NiIsInR5cCI6IkpXVCJ9.eyJpZCI6MSwib3duZXIiOjAsImlhdCI6MTcwMjE2ODg0MywiZXhwIjoxNzAyMjU1MjQzfQ.rQLsMumf6pp25Bazn5E_mEWzzXG7LeBV82W5cdVQFLM 
2023-12-09 19:42:18 [INFO] Server is running on Port: 3001 
2023-12-09 19:42:18 [INFO] Server URL is: http://localhost 
2023-12-09 19:43:36 [INFO] Server is running on Port: 3001 
2023-12-09 19:43:36 [INFO] Server URL is: http://localhost 
2023-12-09 20:13:47 [INFO] Server is running on Port: 3001 
2023-12-09 20:13:47 [INFO] Server URL is: http://localhost 
2023-12-09 20:13:49 [INFO] Server is running on Port: 3001 
2023-12-09 20:13:49 [INFO] Server URL is: http://localhost 
2023-12-09 20:14:42 [INFO] Server is running on Port: 3001 
2023-12-09 20:14:42 [INFO] Server URL is: http://localhost 
2023-12-09 20:56:56 [INFO] Server is running on Port: 3001 
2023-12-09 20:56:56 [INFO] Server URL is: http://localhost 
2023-12-09 20:56:58 [INFO] Server is running on Port: 3001 
2023-12-09 20:56:58 [INFO] Server URL is: http://localhost 
2023-12-09 20:59:07 [INFO] Request: [object Object] 
2023-12-09 20:59:07 [INFO] Token: eyJhbGciOiJIUzI1NiIsInR5cCI6IkpXVCJ9.eyJpZCI6MSwib3duZXIiOjAsImlhdCI6MTcwMjE3MzU0NywiZXhwIjoxNzAyMjU5OTQ3fQ.WxCZ8rrBaST-Uve8coryeQ6cHGIr2Eage9f7ucDAu2Q 
2023-12-09 20:59:07 [INFO] Request: [object Object] 
2023-12-09 20:59:07 [INFO] Token: undefined 
2023-12-09 20:59:07 [INFO] Request: [object Object] 
2023-12-09 20:59:07 [INFO] Token: undefined 
2023-12-09 20:59:07 [INFO] Request: [object Object] 
2023-12-09 20:59:07 [INFO] Token: undefined 
2023-12-09 20:59:07 [INFO] Request: [object Object] 
2023-12-09 20:59:07 [INFO] Token: undefined 
2023-12-09 21:06:40 [INFO] Request: [object Object] 
2023-12-09 21:06:40 [INFO] Token: eyJhbGciOiJIUzI1NiIsInR5cCI6IkpXVCJ9.eyJpZCI6MSwib3duZXIiOjAsImlhdCI6MTcwMjE3NDAwMCwiZXhwIjoxNzAyMjYwNDAwfQ.8RXVUHAxLJztntwJyElKbGUSAcP98EkSikECbH2o4RY 
2023-12-09 21:06:40 [INFO] Request: [object Object] 
2023-12-09 21:06:40 [INFO] Token: undefined 
2023-12-09 21:06:40 [INFO] Request: [object Object] 
2023-12-09 21:06:40 [INFO] Token: undefined 
2023-12-09 21:06:40 [INFO] Request: [object Object] 
2023-12-09 21:06:40 [INFO] Token: undefined 
2023-12-09 21:06:40 [INFO] Request: [object Object] 
2023-12-09 21:06:40 [INFO] Token: undefined 
2023-12-09 21:08:12 [INFO] Server is running on Port: 3001 
2023-12-09 21:08:12 [INFO] Server URL is: http://localhost 
2023-12-09 21:08:56 [INFO] Request: [object Object] 
2023-12-09 21:08:56 [INFO] Token: eyJhbGciOiJIUzI1NiIsInR5cCI6IkpXVCJ9.eyJpZCI6MSwib3duZXIiOjAsImlhdCI6MTcwMjE3NDEzNiwiZXhwIjoxNzAyMjYwNTM2fQ.UvvxlqujQGvU7YASvfi9ec-UdMIf0pRjqr9N4rq202I 
2023-12-09 21:08:56 [INFO] Request: [object Object] 
2023-12-09 21:08:56 [INFO] Token: eyJhbGciOiJIUzI1NiIsInR5cCI6IkpXVCJ9.eyJpZCI6NCwib3duZXIiOjAsImlhdCI6MTcwMjE3NDEzNiwiZXhwIjoxNzAyMjYwNTM2fQ.3ehEGxPhUUDuLgLBg4Ftedptn76PHr_PtOwxTD0P0O4 
2023-12-09 21:08:56 [INFO] Request: [object Object] 
2023-12-09 21:08:56 [INFO] Token: eyJhbGciOiJIUzI1NiIsInR5cCI6IkpXVCJ9.eyJpZCI6NSwib3duZXIiOjAsImlhdCI6MTcwMjE3NDEzNiwiZXhwIjoxNzAyMjYwNTM2fQ.JoBAHNSbpI-p2Lo7R8QaSm4rhtWNNjlhj7mWDdkYf0E 
2023-12-09 21:08:56 [INFO] Request: [object Object] 
2023-12-09 21:08:56 [INFO] Token: undefined 
2023-12-09 21:08:56 [INFO] Request: [object Object] 
2023-12-09 21:08:56 [INFO] Token: undefined 
2023-12-09 21:09:32 [INFO] Server is running on Port: 3001 
2023-12-09 21:09:32 [INFO] Server URL is: http://localhost 
2023-12-09 21:10:07 [INFO] Request: [object Object] 
2023-12-09 21:10:07 [INFO] Token: eyJhbGciOiJIUzI1NiIsInR5cCI6IkpXVCJ9.eyJpZCI6MSwib3duZXIiOjAsImlhdCI6MTcwMjE3NDIwNywiZXhwIjoxNzAyMjYwNjA3fQ.fTWpCVpgjuN4VhhJkmMPilvBQetfF3VJBKZZSDs-llA 
2023-12-09 21:10:08 [INFO] Request: [object Object] 
2023-12-09 21:10:08 [INFO] Token: eyJhbGciOiJIUzI1NiIsInR5cCI6IkpXVCJ9.eyJpZCI6NCwib3duZXIiOjAsImlhdCI6MTcwMjE3NDIwNywiZXhwIjoxNzAyMjYwNjA3fQ.S_mmiMkouzVEL3KUqnO2PPiYURIFqIO9V-pNo_Xfftg 
2023-12-09 21:10:08 [INFO] Request: [object Object] 
2023-12-09 21:10:08 [INFO] Token: eyJhbGciOiJIUzI1NiIsInR5cCI6IkpXVCJ9.eyJpZCI6NSwib3duZXIiOjAsImlhdCI6MTcwMjE3NDIwOCwiZXhwIjoxNzAyMjYwNjA4fQ.87S12fgb3p6HkIcDnoZvJzt2k1yAmsrDVokNWmXRqWg 
2023-12-09 21:10:08 [INFO] Request: [object Object] 
2023-12-09 21:10:08 [INFO] Token: eyJhbGciOiJIUzI1NiIsInR5cCI6IkpXVCJ9.eyJpZCI6Nywib3duZXIiOjAsImlhdCI6MTcwMjE3NDIwOCwiZXhwIjoxNzAyMjYwNjA4fQ.m83Cn_ZvwhRzZcnXNIMcC8gC3qq6BvyyZTtuAXCubSM 
2023-12-09 21:10:08 [INFO] Request: [object Object] 
2023-12-09 21:10:08 [INFO] Token: eyJhbGciOiJIUzI1NiIsInR5cCI6IkpXVCJ9.eyJpZCI6Nywib3duZXIiOjAsImlhdCI6MTcwMjE3NDIwOCwiZXhwIjoxNzAyMjYwNjA4fQ.m83Cn_ZvwhRzZcnXNIMcC8gC3qq6BvyyZTtuAXCubSM 
2023-12-09 21:12:01 [INFO] Request: [object Object] 
2023-12-09 21:12:01 [INFO] Token: eyJhbGciOiJIUzI1NiIsInR5cCI6IkpXVCJ9.eyJpZCI6MSwib3duZXIiOjAsImlhdCI6MTcwMjE3NDMyMSwiZXhwIjoxNzAyMjYwNzIxfQ.jJXxKSTLU0W4orpDh4sU8n0doktmzricrF5Nkd8HPyE 
2023-12-09 21:12:01 [INFO] Request: [object Object] 
2023-12-09 21:12:01 [INFO] Token: eyJhbGciOiJIUzI1NiIsInR5cCI6IkpXVCJ9.eyJpZCI6NCwib3duZXIiOjAsImlhdCI6MTcwMjE3NDMyMSwiZXhwIjoxNzAyMjYwNzIxfQ.vAdL8UNk9xFTP_fSr1y3lKAEcySF2-DTnWmPN05BJZk 
2023-12-09 21:12:01 [INFO] Request: [object Object] 
2023-12-09 21:12:01 [INFO] Token: eyJhbGciOiJIUzI1NiIsInR5cCI6IkpXVCJ9.eyJpZCI6NSwib3duZXIiOjAsImlhdCI6MTcwMjE3NDMyMSwiZXhwIjoxNzAyMjYwNzIxfQ.ocrN2wIhHL46yDOIINXKF-xLfw_Et5-J47g2oY0V7-s 
2023-12-09 21:12:01 [INFO] Request: [object Object] 
2023-12-09 21:12:01 [INFO] Token: eyJhbGciOiJIUzI1NiIsInR5cCI6IkpXVCJ9.eyJpZCI6Nywib3duZXIiOjAsImlhdCI6MTcwMjE3NDMyMSwiZXhwIjoxNzAyMjYwNzIxfQ.PqZhNBw4AgJDa-2G7LmKYMA6PAmrXy_C7UyivW4a13o 
2023-12-09 21:12:01 [INFO] Request: [object Object] 
2023-12-09 21:12:01 [INFO] Token: eyJhbGciOiJIUzI1NiIsInR5cCI6IkpXVCJ9.eyJpZCI6Nywib3duZXIiOjAsImlhdCI6MTcwMjE3NDMyMSwiZXhwIjoxNzAyMjYwNzIxfQ.PqZhNBw4AgJDa-2G7LmKYMA6PAmrXy_C7UyivW4a13o 
2023-12-09 21:12:57 [INFO] Request: [object Object] 
2023-12-09 21:12:57 [INFO] Token: eyJhbGciOiJIUzI1NiIsInR5cCI6IkpXVCJ9.eyJpZCI6MSwib3duZXIiOjAsImlhdCI6MTcwMjE3NDM3NywiZXhwIjoxNzAyMjYwNzc3fQ.yJ74BaIWPVeVlxOBQnoQBKdyz4X3IpygynGVVqX3pDQ 
2023-12-09 21:12:57 [INFO] Request: [object Object] 
2023-12-09 21:12:57 [INFO] Token: eyJhbGciOiJIUzI1NiIsInR5cCI6IkpXVCJ9.eyJpZCI6NCwib3duZXIiOjAsImlhdCI6MTcwMjE3NDM3NywiZXhwIjoxNzAyMjYwNzc3fQ.nA340OCf-U9fuTLRUqBEWuH-1014iX15H8TI3QHEqyc 
2023-12-09 21:12:57 [INFO] Request: [object Object] 
2023-12-09 21:12:57 [INFO] Token: eyJhbGciOiJIUzI1NiIsInR5cCI6IkpXVCJ9.eyJpZCI6NSwib3duZXIiOjAsImlhdCI6MTcwMjE3NDM3NywiZXhwIjoxNzAyMjYwNzc3fQ.zjEi32YXT2B9WS64nIZdILXW6a3cliDst6hJOeGdsRw 
2023-12-09 21:12:57 [INFO] Request: [object Object] 
2023-12-09 21:12:57 [INFO] Token: eyJhbGciOiJIUzI1NiIsInR5cCI6IkpXVCJ9.eyJpZCI6Nywib3duZXIiOjAsImlhdCI6MTcwMjE3NDM3NywiZXhwIjoxNzAyMjYwNzc3fQ.mEwph-xUYtzMCFp7YhGvJVakXLuadx4h-2CwDUU278s 
2023-12-09 21:12:57 [INFO] Request: [object Object] 
2023-12-09 21:12:57 [INFO] Token: eyJhbGciOiJIUzI1NiIsInR5cCI6IkpXVCJ9.eyJpZCI6Nywib3duZXIiOjAsImlhdCI6MTcwMjE3NDM3NywiZXhwIjoxNzAyMjYwNzc3fQ.mEwph-xUYtzMCFp7YhGvJVakXLuadx4h-2CwDUU278s 
2023-12-09 21:16:55 [INFO] Request: [object Object] 
2023-12-09 21:16:55 [INFO] Token: eyJhbGciOiJIUzI1NiIsInR5cCI6IkpXVCJ9.eyJpZCI6MSwib3duZXIiOjAsImlhdCI6MTcwMjE3NDYxNSwiZXhwIjoxNzAyMjYxMDE1fQ.gk4G7TVsLFkao3AuOSXp1iTVY4B4bEN3b0kjQJi0RHM 
2023-12-09 21:16:55 [INFO] Request: [object Object] 
2023-12-09 21:16:55 [INFO] Token: eyJhbGciOiJIUzI1NiIsInR5cCI6IkpXVCJ9.eyJpZCI6NCwib3duZXIiOjAsImlhdCI6MTcwMjE3NDYxNSwiZXhwIjoxNzAyMjYxMDE1fQ.iIobhuxHR0YXKcI-Hm7X8OM5jc_pR5mYPA6rdXGs23I 
2023-12-09 21:16:55 [INFO] Request: [object Object] 
2023-12-09 21:16:55 [INFO] Token: eyJhbGciOiJIUzI1NiIsInR5cCI6IkpXVCJ9.eyJpZCI6NSwib3duZXIiOjAsImlhdCI6MTcwMjE3NDYxNSwiZXhwIjoxNzAyMjYxMDE1fQ.DJ-CTVDeyrpV-mf_Io-9UFn2Y1fh2i7egIOfNBclVqA 
2023-12-09 21:16:55 [INFO] Request: [object Object] 
2023-12-09 21:16:55 [INFO] Token: eyJhbGciOiJIUzI1NiIsInR5cCI6IkpXVCJ9.eyJpZCI6Nywib3duZXIiOjAsImlhdCI6MTcwMjE3NDYxNSwiZXhwIjoxNzAyMjYxMDE1fQ.VusSJbydRI3QmszuHNpSoOFrhFEeYpeZBcHD6roWmog 
2023-12-09 21:16:55 [INFO] Request: [object Object] 
2023-12-09 21:16:55 [INFO] Token: eyJhbGciOiJIUzI1NiIsInR5cCI6IkpXVCJ9.eyJpZCI6Nywib3duZXIiOjAsImlhdCI6MTcwMjE3NDYxNSwiZXhwIjoxNzAyMjYxMDE1fQ.VusSJbydRI3QmszuHNpSoOFrhFEeYpeZBcHD6roWmog 
